<?xml version="1.0" encoding="UTF-8"?>
<testng-results skipped="0" failed="0" ignored="0" total="2" passed="2">
  <reporter-output>
  </reporter-output>
  <suite name="Suite" duration-ms="141" started-at="2019-01-09T17:01:46Z" finished-at="2019-01-09T17:01:46Z">
    <groups>
    </groups>
    <test name="Test" duration-ms="141" started-at="2019-01-09T17:01:46Z" finished-at="2019-01-09T17:01:46Z">
      <class name="com.abc.testng.Class1">
        <test-method status="PASS" signature="before()[pri:0, instance:com.abc.testng.Class1@5dfcfece]" name="before" is-config="true" duration-ms="15" started-at="2019-01-09T17:01:46Z" finished-at="2019-01-09T17:01:46Z">
          <reporter-output>
          </reporter-output>
        </test-method> <!-- before -->
        <test-method status="PASS" signature="beforeclass()[pri:0, instance:com.abc.testng.Class1@5dfcfece]" name="beforeclass" is-config="true" duration-ms="0" started-at="2019-01-09T17:01:46Z" finished-at="2019-01-09T17:01:46Z">
          <reporter-output>
          </reporter-output>
        </test-method> <!-- beforeclass -->
        <test-method status="PASS" signature="testcase()[pri:0, instance:com.abc.testng.Class1@5dfcfece]" name="testcase" duration-ms="15" started-at="2019-01-09T17:01:46Z" finished-at="2019-01-09T17:01:46Z">
          <reporter-output>
          </reporter-output>
        </test-method> <!-- testcase -->
        <test-method status="PASS" signature="afterclass()[pri:0, instance:com.abc.testng.Class1@5dfcfece]" name="afterclass" is-config="true" duration-ms="0" started-at="2019-01-09T17:01:46Z" finished-at="2019-01-09T17:01:46Z">
          <reporter-output>
          </reporter-output>
        </test-method> <!-- afterclass -->
        <test-method status="PASS" signature="after()[pri:0, instance:com.abc.testng.Class1@5dfcfece]" name="after" is-config="true" duration-ms="15" started-at="2019-01-09T17:01:46Z" finished-at="2019-01-09T17:01:46Z">
          <reporter-output>
          </reporter-output>
        </test-method> <!-- after -->
      </class> <!-- com.abc.testng.Class1 -->
      <class name="com.abc.testng.Class2">
        <test-method status="PASS" signature="beforeclass()[pri:0, instance:com.abc.testng.Class2@23ceabc1]" name="beforeclass" is-config="true" duration-ms="0" started-at="2019-01-09T17:01:46Z" finished-at="2019-01-09T17:01:46Z">
          <reporter-output>
          </reporter-output>
        </test-method> <!-- beforeclass -->
        <test-method status="PASS" signature="testcase()[pri:0, instance:com.abc.testng.Class2@23ceabc1]" name="testcase" duration-ms="0" started-at="2019-01-09T17:01:46Z" finished-at="2019-01-09T17:01:46Z">
          <reporter-output>
          </reporter-output>
        </test-method> <!-- testcase -->
        <test-method status="PASS" signature="afterclass()[pri:0, instance:com.abc.testng.Class2@23ceabc1]" name="afterclass" is-config="true" duration-ms="0" started-at="2019-01-09T17:01:46Z" finished-at="2019-01-09T17:01:46Z">
          <reporter-output>
          </reporter-output>
        </test-method> <!-- afterclass -->
      </class> <!-- com.abc.testng.Class2 -->
    </test> <!-- Test -->
  </suite> <!-- Suite -->
</testng-results>
